2025-07-18 10:31:38:create_spark_session:ERROR:❌ Couldn't create Spark session: [JAVA_GATEWAY_EXITED] Java gateway process exited before sending its port number.
2025-07-18 10:31:38:create_initial_dataframe:ERROR:❌ Couldn't create initial DataFrame: 'NoneType' object has no attribute 'readStream'
2025-07-18 10:31:38:write_streaming_data:ERROR:❌ Failed to create initial DataFrame. Exiting.
2025-07-19 09:01:25:create_spark_session:ERROR:❌ Couldn't create Spark session: [JAVA_GATEWAY_EXITED] Java gateway process exited before sending its port number.
2025-07-19 09:01:25:create_initial_dataframe:ERROR:❌ Couldn't create initial DataFrame: 'NoneType' object has no attribute 'readStream'
2025-07-19 09:01:25:write_streaming_data:ERROR:❌ Failed to create initial DataFrame. Exiting.
2025-07-22 08:50:17:create_spark_session:ERROR:❌ Couldn't create Spark session: [JAVA_GATEWAY_EXITED] Java gateway process exited before sending its port number.
2025-07-22 08:50:17:create_initial_dataframe:ERROR:❌ Couldn't create initial DataFrame: 'NoneType' object has no attribute 'readStream'
2025-07-22 08:50:17:write_streaming_data:ERROR:❌ Failed to create initial DataFrame. Exiting.
2025-07-22 08:53:16:create_spark_session:ERROR:❌ Couldn't create Spark session: [JAVA_GATEWAY_EXITED] Java gateway process exited before sending its port number.
2025-07-22 08:53:16:create_initial_dataframe:ERROR:❌ Couldn't create initial DataFrame: 'NoneType' object has no attribute 'readStream'
2025-07-22 08:53:16:write_streaming_data:ERROR:❌ Failed to create initial DataFrame. Exiting.
2025-07-22 09:10:02:create_spark_session:ERROR:❌ Couldn't create Spark session: [JAVA_GATEWAY_EXITED] Java gateway process exited before sending its port number.
2025-07-22 09:10:02:create_initial_dataframe:ERROR:❌ Couldn't create initial DataFrame: 'NoneType' object has no attribute 'readStream'
2025-07-22 09:10:02:write_streaming_data:ERROR:❌ Failed to create initial DataFrame. Exiting.
2025-07-22 09:28:39:create_spark_session:ERROR:❌ Couldn't create Spark session: [JAVA_GATEWAY_EXITED] Java gateway process exited before sending its port number.
2025-07-22 09:28:39:create_initial_dataframe:ERROR:❌ Couldn't create initial DataFrame: 'NoneType' object has no attribute 'readStream'
2025-07-22 09:28:39:write_streaming_data:ERROR:❌ Failed to create initial DataFrame. Exiting.
2025-07-22 10:31:52:create_spark_session:ERROR:❌ Couldn't create Spark session: [JAVA_GATEWAY_EXITED] Java gateway process exited before sending its port number.
2025-07-22 10:31:52:create_initial_dataframe:ERROR:❌ Couldn't create initial DataFrame: 'NoneType' object has no attribute 'readStream'
2025-07-22 10:31:52:write_streaming_data:ERROR:❌ Failed to create initial DataFrame. Exiting.
2025-07-22 10:34:49:create_spark_session:ERROR:❌ Couldn't create Spark session: [JAVA_GATEWAY_EXITED] Java gateway process exited before sending its port number.
2025-07-22 10:34:49:create_initial_dataframe:ERROR:❌ Couldn't create initial DataFrame: 'NoneType' object has no attribute 'readStream'
2025-07-22 10:34:49:write_streaming_data:ERROR:❌ Failed to create initial DataFrame. Exiting.
2025-07-22 10:38:30:create_spark_session:INFO:✅ Spark session created successfully.
2025-07-22 10:38:32:create_initial_dataframe:INFO:✅ Initial streaming DataFrame schema created successfully.
2025-07-22 10:38:33:close:INFO:Closing down clientserver connection
